ARM GAS  C:\Users\hoang\AppData\Local\Temp\ccTpeoX5.s 			page 1


   1              		.cpu arm7tdmi
   2              		.eabi_attribute 20, 1
   3              		.eabi_attribute 21, 1
   4              		.eabi_attribute 23, 3
   5              		.eabi_attribute 24, 1
   6              		.eabi_attribute 25, 1
   7              		.eabi_attribute 26, 1
   8              		.eabi_attribute 30, 1
   9              		.eabi_attribute 34, 0
  10              		.eabi_attribute 18, 4
  11              		.file	"Arduino.cpp"
  12              		.text
  13              	.Ltext0:
  14              		.cfi_sections	.debug_frame
  15              	.Letext0:
  16              		.file 1 "c:\\gcc-arm-none-eabi-10-2020-q4-major-win32\\gcc-arm-none-eabi-10-2020-q4-major\\arm-non
  17              		.file 2 "c:\\gcc-arm-none-eabi-10-2020-q4-major-win32\\gcc-arm-none-eabi-10-2020-q4-major\\arm-non
  18              		.file 3 "c:\\gcc-arm-none-eabi-10-2020-q4-major-win32\\gcc-arm-none-eabi-10-2020-q4-major\\arm-non
  19              		.file 4 "c:\\gcc-arm-none-eabi-10-2020-q4-major-win32\\gcc-arm-none-eabi-10-2020-q4-major\\arm-non
  20              		.file 5 "c:\\gcc-arm-none-eabi-10-2020-q4-major-win32\\gcc-arm-none-eabi-10-2020-q4-major\\arm-non
  21              		.file 6 "c:\\gcc-arm-none-eabi-10-2020-q4-major-win32\\gcc-arm-none-eabi-10-2020-q4-major\\lib\\gc
  22              		.file 7 "c:\\gcc-arm-none-eabi-10-2020-q4-major-win32\\gcc-arm-none-eabi-10-2020-q4-major\\arm-non
  23              		.file 8 "c:\\gcc-arm-none-eabi-10-2020-q4-major-win32\\gcc-arm-none-eabi-10-2020-q4-major\\arm-non
  24              		.file 9 "c:\\gcc-arm-none-eabi-10-2020-q4-major-win32\\gcc-arm-none-eabi-10-2020-q4-major\\arm-non
  25              		.file 10 "c:\\gcc-arm-none-eabi-10-2020-q4-major-win32\\gcc-arm-none-eabi-10-2020-q4-major\\arm-no
  26              		.file 11 "c:\\gcc-arm-none-eabi-10-2020-q4-major-win32\\gcc-arm-none-eabi-10-2020-q4-major\\arm-no
  27              		.file 12 "c:\\gcc-arm-none-eabi-10-2020-q4-major-win32\\gcc-arm-none-eabi-10-2020-q4-major\\arm-no
  28              		.file 13 "<built-in>"
ARM GAS  C:\Users\hoang\AppData\Local\Temp\ccTpeoX5.s 			page 2


DEFINED SYMBOLS
                            *ABS*:00000000 Arduino.cpp

NO UNDEFINED SYMBOLS
